[0m14:47:05.184868 [debug] [MainThread]: Sending event: {'category': 'dbt', 'action': 'invocation', 'label': 'start', 'context': [<snowplow_tracker.self_describing_json.SelfDescribingJson object at 0x1093a0a50>, <snowplow_tracker.self_describing_json.SelfDescribingJson object at 0x1093ae690>, <snowplow_tracker.self_describing_json.SelfDescribingJson object at 0x10934b110>]}


============================== 14:47:05.188188 | 88eb92a3-413a-4ccf-a45e-dec0d744768d ==============================
[0m14:47:05.188188 [info ] [MainThread]: Running with dbt=1.9.2
[0m14:47:05.188570 [debug] [MainThread]: running dbt with arguments {'printer_width': '80', 'indirect_selection': 'eager', 'log_cache_events': 'False', 'write_json': 'True', 'partial_parse': 'True', 'cache_selected_only': 'False', 'profiles_dir': '/Users/paulpham/.dbt', 'version_check': 'True', 'fail_fast': 'False', 'log_path': 'logs', 'debug': 'False', 'warn_error': 'None', 'use_colors': 'True', 'use_experimental_parser': 'False', 'no_print': 'None', 'quiet': 'False', 'empty': 'None', 'warn_error_options': 'WarnErrorOptions(include=[], exclude=[])', 'static_parser': 'True', 'invocation_command': 'dbt init', 'introspect': 'True', 'target_path': 'None', 'log_format': 'default', 'send_anonymous_usage_stats': 'True'}
[0m14:47:14.146385 [debug] [MainThread]: Starter project path: /Users/paulpham/.asdf/installs/python/3.11.0/lib/python3.11/site-packages/dbt/include/starter_project
[0m14:47:14.173376 [info ] [MainThread]: 
Your new dbt project "dbt_baseball" was created!

For more information on how to configure the profiles.yml file,
please consult the dbt documentation here:

  https://docs.getdbt.com/docs/configure-your-profile

One more thing:

Need help? Don't hesitate to reach out to us via GitHub issues or on Slack:

  https://community.getdbt.com/

Happy modeling!

[0m14:47:14.173890 [info ] [MainThread]: Setting up your profile.
[0m14:55:31.006876 [error] [MainThread]: Encountered an error:

[0m14:55:31.039916 [error] [MainThread]: Traceback (most recent call last):
  File "/Users/paulpham/.asdf/installs/python/3.11.0/lib/python3.11/site-packages/dbt/cli/requires.py", line 153, in wrapper
    result, success = func(*args, **kwargs)
                      ^^^^^^^^^^^^^^^^^^^^^
  File "/Users/paulpham/.asdf/installs/python/3.11.0/lib/python3.11/site-packages/dbt/cli/requires.py", line 103, in wrapper
    return func(*args, **kwargs)
           ^^^^^^^^^^^^^^^^^^^^^
  File "/Users/paulpham/.asdf/installs/python/3.11.0/lib/python3.11/site-packages/dbt/cli/main.py", line 477, in init
    results = task.run()
              ^^^^^^^^^^
  File "/Users/paulpham/.asdf/installs/python/3.11.0/lib/python3.11/site-packages/dbt/task/init.py", line 346, in run
    self.setup_profile(profile_name)
  File "/Users/paulpham/.asdf/installs/python/3.11.0/lib/python3.11/site-packages/dbt/task/init.py", line 262, in setup_profile
    self.create_profile_from_target(adapter, profile_name=profile_name)
  File "/Users/paulpham/.asdf/installs/python/3.11.0/lib/python3.11/site-packages/dbt/task/init.py", line 179, in create_profile_from_target
    self.create_profile_from_profile_template(profile_template, profile_name)
  File "/Users/paulpham/.asdf/installs/python/3.11.0/lib/python3.11/site-packages/dbt/task/init.py", line 163, in create_profile_from_profile_template
    target = self.generate_target_from_input(prompts, initial_target)
             ^^^^^^^^^^^^^^^^^^^^^^^^^^^^^^^^^^^^^^^^^^^^^^^^^^^^^^^^
  File "/Users/paulpham/.asdf/installs/python/3.11.0/lib/python3.11/site-packages/dbt/task/init.py", line 129, in generate_target_from_input
    target[key] = click.prompt(
                  ^^^^^^^^^^^^^
  File "/Users/paulpham/.asdf/installs/python/3.11.0/lib/python3.11/site-packages/click/termui.py", line 164, in prompt
    value = prompt_func(prompt)
            ^^^^^^^^^^^^^^^^^^^
  File "/Users/paulpham/.asdf/installs/python/3.11.0/lib/python3.11/site-packages/click/termui.py", line 147, in prompt_func
    raise Abort() from None
click.exceptions.Abort

[0m14:55:31.048795 [debug] [MainThread]: Resource report: {"command_name": "init", "command_success": false, "command_wall_clock_time": 505.90427, "process_in_blocks": "0", "process_kernel_time": 0.45947, "process_mem_max_rss": "177471488", "process_out_blocks": "0", "process_user_time": 1.079283}
[0m14:55:31.053091 [debug] [MainThread]: Command `dbt init` failed at 14:55:31.051574 after 505.91 seconds
[0m14:55:31.057568 [debug] [MainThread]: Sending event: {'category': 'dbt', 'action': 'invocation', 'label': 'end', 'context': [<snowplow_tracker.self_describing_json.SelfDescribingJson object at 0x1093d7450>, <snowplow_tracker.self_describing_json.SelfDescribingJson object at 0x1093d7f50>, <snowplow_tracker.self_describing_json.SelfDescribingJson object at 0x104c41b50>]}
[0m14:55:31.058588 [debug] [MainThread]: Flushing usage events
[0m14:55:31.716412 [debug] [MainThread]: An error was encountered while trying to flush usage events
[0m14:56:55.314535 [debug] [MainThread]: Sending event: {'category': 'dbt', 'action': 'invocation', 'label': 'start', 'context': [<snowplow_tracker.self_describing_json.SelfDescribingJson object at 0x1069fc2d0>, <snowplow_tracker.self_describing_json.SelfDescribingJson object at 0x106a668d0>, <snowplow_tracker.self_describing_json.SelfDescribingJson object at 0x106a67550>]}


============================== 14:56:55.317603 | 52ace688-91cc-4b64-a0a8-179cf34a38b7 ==============================
[0m14:56:55.317603 [info ] [MainThread]: Running with dbt=1.9.2
[0m14:56:55.317953 [debug] [MainThread]: running dbt with arguments {'printer_width': '80', 'indirect_selection': 'eager', 'log_cache_events': 'False', 'write_json': 'True', 'partial_parse': 'True', 'cache_selected_only': 'False', 'warn_error': 'None', 'version_check': 'True', 'fail_fast': 'False', 'log_path': 'logs', 'debug': 'False', 'profiles_dir': '/Users/paulpham/.dbt', 'use_colors': 'True', 'use_experimental_parser': 'False', 'no_print': 'None', 'quiet': 'False', 'empty': 'None', 'log_format': 'default', 'introspect': 'True', 'invocation_command': 'dbt init', 'warn_error_options': 'WarnErrorOptions(include=[], exclude=[])', 'target_path': 'None', 'static_parser': 'True', 'send_anonymous_usage_stats': 'True'}
[0m14:56:58.133551 [info ] [MainThread]: A project called dbt_baseball already exists here.
[0m14:56:58.139447 [debug] [MainThread]: Resource report: {"command_name": "init", "command_success": true, "command_wall_clock_time": 2.8608077, "process_in_blocks": "0", "process_kernel_time": 0.155821, "process_mem_max_rss": "93798400", "process_out_blocks": "0", "process_user_time": 0.577801}
[0m14:56:58.140190 [debug] [MainThread]: Command `dbt init` succeeded at 14:56:58.140069 after 2.86 seconds
[0m14:56:58.140681 [debug] [MainThread]: Sending event: {'category': 'dbt', 'action': 'invocation', 'label': 'end', 'context': [<snowplow_tracker.self_describing_json.SelfDescribingJson object at 0x106a666d0>, <snowplow_tracker.self_describing_json.SelfDescribingJson object at 0x106a46490>, <snowplow_tracker.self_describing_json.SelfDescribingJson object at 0x102f51a50>]}
[0m14:56:58.141055 [debug] [MainThread]: Flushing usage events
[0m14:56:58.568838 [debug] [MainThread]: An error was encountered while trying to flush usage events
